TN:
SF:/Users/SweetD/Astronomer/aries-activity-salesforce-source/lib/index.js
FN:8,(anonymous_1)
FN:8,defineProperties
FN:8,(anonymous_3)
FN:30,_interopRequireDefault
FN:32,_asyncToGenerator
FN:32,(anonymous_6)
FN:32,(anonymous_7)
FN:32,step
FN:32,(anonymous_9)
FN:32,(anonymous_10)
FN:34,_classCallCheck
FN:36,_possibleConstructorReturn
FN:38,_inherits
FN:40,_applyDecoratedDescriptor
FN:42,(anonymous_15)
FN:52,(anonymous_16)
FN:74,(anonymous_17)
FN:77,SalesforceSource
FN:85,(anonymous_19)
FN:86,_callee
FN:88,_callee$
FN:117,onTask
FN:125,isBulkQuery
FN:130,(anonymous_24)
FN:131,_callee2
FN:134,_callee2$
FN:158,queryStream
FN:166,(anonymous_28)
FN:167,_callee3
FN:171,_callee3$
FN:185,(anonymous_31)
FN:201,getFields
FN:209,bulkQueryStream
FNF:33
FNH:33
FNDA:1,(anonymous_1)
FNDA:1,defineProperties
FNDA:1,(anonymous_3)
FNDA:4,_interopRequireDefault
FNDA:3,_asyncToGenerator
FNDA:2,(anonymous_6)
FNDA:2,(anonymous_7)
FNDA:3,step
FNDA:1,(anonymous_9)
FNDA:0,(anonymous_10)
FNDA:3,_classCallCheck
FNDA:3,_possibleConstructorReturn
FNDA:1,_inherits
FNDA:1,_applyDecoratedDescriptor
FNDA:4,(anonymous_15)
FNDA:1,(anonymous_16)
FNDA:1,(anonymous_17)
FNDA:3,SalesforceSource
FNDA:1,(anonymous_19)
FNDA:0,_callee
FNDA:0,_callee$
FNDA:0,onTask
FNDA:1,isBulkQuery
FNDA:1,(anonymous_24)
FNDA:0,_callee2
FNDA:0,_callee2$
FNDA:0,queryStream
FNDA:1,(anonymous_28)
FNDA:2,_callee3
FNDA:5,_callee3$
FNDA:2,(anonymous_31)
FNDA:2,getFields
FNDA:0,bulkQueryStream
DA:0,6
DA:1,1
DA:2,1
DA:3,1
DA:4,1
DA:5,1
DA:9,1
DA:10,1
DA:26,1
DA:50,2
DA:57,0
LF:11
LH:10
BRDA:8,1,0,5
BRDA:8,1,1,5
BRDA:8,2,0,5
BRDA:8,2,1,0
BRDA:8,3,0,1
BRDA:8,3,1,0
BRDA:8,4,0,0
BRDA:8,4,1,1
BRDA:30,5,0,0
BRDA:30,5,1,4
BRDA:30,6,0,4
BRDA:30,6,1,4
BRDA:32,7,0,2
BRDA:32,7,1,1
BRDA:34,8,0,0
BRDA:34,8,1,3
BRDA:36,9,0,0
BRDA:36,9,1,3
BRDA:36,10,0,0
BRDA:36,10,1,3
BRDA:36,11,0,3
BRDA:36,11,1,0
BRDA:36,11,2,0
BRDA:38,12,0,0
BRDA:38,12,1,1
BRDA:38,13,0,1
BRDA:38,13,1,0
BRDA:38,14,0,1
BRDA:38,14,1,1
BRDA:38,15,0,1
BRDA:38,15,1,0
BRDA:38,16,0,1
BRDA:38,16,1,0
BRDA:48,17,0,1
BRDA:48,17,1,0
BRDA:48,18,0,1
BRDA:48,18,1,0
BRDA:53,19,0,1
BRDA:53,19,1,0
BRDA:56,20,0,0
BRDA:56,20,1,1
BRDA:56,21,0,1
BRDA:56,21,1,1
BRDA:57,22,0,0
BRDA:57,22,1,0
BRDA:61,23,0,1
BRDA:61,23,1,0
BRDA:80,24,0,3
BRDA:80,24,1,0
BRDA:90,25,0,0
BRDA:90,25,1,0
BRDA:90,25,2,0
BRDA:90,25,3,0
BRDA:90,25,4,0
BRDA:99,26,0,0
BRDA:99,26,1,0
BRDA:136,27,0,0
BRDA:136,27,1,0
BRDA:136,27,2,0
BRDA:136,27,3,0
BRDA:138,28,0,0
BRDA:138,28,1,0
BRDA:138,29,0,0
BRDA:138,29,1,0
BRDA:168,30,0,1
BRDA:168,30,1,1
BRDA:168,31,0,2
BRDA:168,31,1,1
BRDA:169,32,0,1
BRDA:169,32,1,1
BRDA:169,33,0,2
BRDA:169,33,1,1
BRDA:173,34,0,2
BRDA:173,34,1,1
BRDA:173,34,2,1
BRDA:173,34,3,0
BRDA:173,34,4,2
BRDA:175,35,0,1
BRDA:175,35,1,1
BRF:79
BRH:79
end_of_record
